<?xml version="1.0" encoding="UTF-8"?>
<testsuite name="edu.coursera.parallel.StudentAnalyticsTest" time="8.066" tests="6" errors="2" skipped="0" failures="0">
  <properties>
[...]
</properties>
  <testcase name="testAverageAgeOfEnrolledStudents" classname="edu.coursera.parallel.StudentAnalyticsTest" time="1.308"/>
  <testcase name="testAverageAgeOfEnrolledStudentsPerf" classname="edu.coursera.parallel.StudentAnalyticsTest" time="1.731"/>
  <testcase name="testMostCommonFirstNameOfInactiveStudents" classname="edu.coursera.parallel.StudentAnalyticsTest" time="1.277">
    <error message="Unresolved compilation problems: &#10;	The method toConcurrentMap(Function&lt;? super T,? extends K&gt;, Function&lt;? super T,? extends U&gt;) in the type Collectors is not applicable for the arguments (Student::getFirstName, Map&lt;String, Integer&gt;::get)&#10;	The type Student does not define getFirstName(T) that is applicable here&#10;	Cannot make a static reference to the non-static method get(Object) from the type Map&lt;String,Integer&gt;&#10;" type="java.lang.Error"><![CDATA[java.lang.Error: Unresolved compilation problems: 
	The method toConcurrentMap(Function<? super T,? extends K>, Function<? super T,? extends U>) in the type Collectors is not applicable for the arguments (Student::getFirstName, Map<String, Integer>::get)
	The type Student does not define getFirstName(T) that is applicable here
	Cannot make a static reference to the non-static method get(Object) from the type Map<String,Integer>
	at edu.coursera.parallel.StudentAnalytics.mostCommonFirstNameOfInactiveStudentsParallelStream(StudentAnalytics.java:114)
	at edu.coursera.parallel.StudentAnalyticsTest.mostCommonFirstNameOfInactiveStudentsHelper(StudentAnalyticsTest.java:96)
	at edu.coursera.parallel.StudentAnalyticsTest.testMostCommonFirstNameOfInactiveStudents(StudentAnalyticsTest.java:112)
]]></error>
  </testcase>
  <testcase name="testMostCommonFirstNameOfInactiveStudentsPerf" classname="edu.coursera.parallel.StudentAnalyticsTest" time="2.291">
    <error message="Unresolved compilation problems: &#10;	The method toConcurrentMap(Function&lt;? super T,? extends K&gt;, Function&lt;? super T,? extends U&gt;) in the type Collectors is not applicable for the arguments (Student::getFirstName, Map&lt;String, Integer&gt;::get)&#10;	The type Student does not define getFirstName(T) that is applicable here&#10;	Cannot make a static reference to the non-static method get(Object) from the type Map&lt;String,Integer&gt;&#10;" type="java.lang.Error"><![CDATA[java.lang.Error: Unresolved compilation problems: 
	The method toConcurrentMap(Function<? super T,? extends K>, Function<? super T,? extends U>) in the type Collectors is not applicable for the arguments (Student::getFirstName, Map<String, Integer>::get)
	The type Student does not define getFirstName(T) that is applicable here
	Cannot make a static reference to the non-static method get(Object) from the type Map<String,Integer>
	at edu.coursera.parallel.StudentAnalytics.mostCommonFirstNameOfInactiveStudentsParallelStream(StudentAnalytics.java:114)
	at edu.coursera.parallel.StudentAnalyticsTest.mostCommonFirstNameOfInactiveStudentsHelper(StudentAnalyticsTest.java:96)
	at edu.coursera.parallel.StudentAnalyticsTest.testMostCommonFirstNameOfInactiveStudentsPerf(StudentAnalyticsTest.java:120)
]]></error>
  </testcase>
  <testcase name="testCountNumberOfFailedStudentsOlderThan20" classname="edu.coursera.parallel.StudentAnalyticsTest" time="0.546"/>
  <testcase name="testCountNumberOfFailedStudentsOlderThan20Perf" classname="edu.coursera.parallel.StudentAnalyticsTest" time="0.913"/>
</testsuite>